<?xml version="1.0" encoding="UTF-8"?>
<testng-results ignored="0" total="2" passed="2" failed="0" skipped="0">
  <reporter-output>
  </reporter-output>
  <suite started-at="2021-06-24T21:27:22 EDT" name="Default suite" finished-at="2021-06-24T21:27:50 EDT" duration-ms="27925">
    <groups>
    </groups>
    <test started-at="2021-06-24T21:27:22 EDT" name="Default test" finished-at="2021-06-24T21:27:50 EDT" duration-ms="27925">
      <class name="automated.NumberImages">
        <test-method is-config="true" signature="setUpClass()[pri:0, instance:automated.NumberImages@6a370f4]" started-at="2021-06-24T21:27:22 EDT" name="setUpClass" finished-at="2021-06-24T21:27:22 EDT" duration-ms="23" status="PASS">
          <reporter-output>
          </reporter-output>
        </test-method> <!-- setUpClass -->
        <test-method signature="buttons()[pri:0, instance:automated.NumberImages@6a370f4]" started-at="2021-06-24T21:27:22 EDT" name="buttons" finished-at="2021-06-24T21:27:36 EDT" duration-ms="14417" status="PASS">
          <reporter-output>
          </reporter-output>
        </test-method> <!-- buttons -->
        <test-method signature="imagess()[pri:0, instance:automated.NumberImages@6a370f4]" started-at="2021-06-24T21:27:36 EDT" name="imagess" finished-at="2021-06-24T21:27:50 EDT" duration-ms="13359" status="PASS">
          <reporter-output>
          </reporter-output>
        </test-method> <!-- imagess -->
      </class> <!-- automated.NumberImages -->
    </test> <!-- Default test -->
  </suite> <!-- Default suite -->
</testng-results>
